<?xml version="1.0" encoding="UTF-8"?>
<!-- Generated by org.testng.reporters.JUnitReportReporter -->
<testsuite hostname="LIN-C57ZKQ3" failures="0" tests="1" name="cucumberOptions.TestNgTestRunner" time="5.378" errors="0" timestamp="2024-08-31T18:19:12 IST" skipped="0">
  <testcase classname="cucumberOptions.TestNgTestRunner" name="runScenario" time="5.378"/>
</testsuite> <!-- cucumberOptions.TestNgTestRunner -->
